-- Found ament_cmake: 2.5.4 (/opt/ros/jazzy/share/ament_cmake/cmake)
-- Found rclcpp: 28.1.12 (/opt/ros/jazzy/share/rclcpp/cmake)
-- Found rosidl_generator_c: 4.6.6 (/opt/ros/jazzy/share/rosidl_generator_c/cmake)
-- Found rosidl_generator_cpp: 4.6.6 (/opt/ros/jazzy/share/rosidl_generator_cpp/cmake)
-- Using all available rosidl_typesupport_c: rosidl_typesupport_fastrtps_c;rosidl_typesupport_introspection_c
-- Using all available rosidl_typesupport_cpp: rosidl_typesupport_fastrtps_cpp;rosidl_typesupport_introspection_cpp
-- Found rmw_implementation_cmake: 7.3.2 (/opt/ros/jazzy/share/rmw_implementation_cmake/cmake)
-- Found rmw_fastrtps_cpp: 8.4.3 (/opt/ros/jazzy/share/rmw_fastrtps_cpp/cmake)
-- Using RMW implementation 'rmw_fastrtps_cpp' as default
-- Found geometry_msgs: 5.3.6 (/opt/ros/jazzy/share/geometry_msgs/cmake)
-- Found nav_msgs: 5.3.6 (/opt/ros/jazzy/share/nav_msgs/cmake)
-- Found sensor_msgs: 5.3.6 (/opt/ros/jazzy/share/sensor_msgs/cmake)
-- Found ackermann_msgs: 2.0.2 (/opt/ros/jazzy/share/ackermann_msgs/cmake)
-- Found tf2: 0.36.14 (/opt/ros/jazzy/share/tf2/cmake)
-- Found tf2_ros: 0.36.14 (/opt/ros/jazzy/share/tf2_ros/cmake)
-- Found tf2_geometry_msgs: 0.36.14 (/opt/ros/jazzy/share/tf2_geometry_msgs/cmake)
-- Found eigen3_cmake_module: 0.3.0 (/opt/ros/jazzy/share/eigen3_cmake_module/cmake)
-- Found Eigen3: TRUE (found version "3.4.0")
-- Ensuring Eigen3 include directory is part of orocos-kdl CMake target
-- Found serial: 1.2.1 (/home/za1van/ros2_ws/install/serial/share/serial/cmake)
-- Configuring done (2.6s)
-- Generating done (0.2s)
-- Build files have been written to: /home/za1van/ros2_ws/build/zmrobo_init
[ 33%] [32mBuilding CXX object CMakeFiles/zmrobo_node.dir/src/Quaternion_Solution.cpp.o[0m
[ 66%] [32mBuilding CXX object CMakeFiles/zmrobo_node.dir/src/zmrobo.cpp.o[0m
[01m[K/home/za1van/ros2_ws/src/zmrobo_init/src/zmrobo.cpp:[m[K In member function ‚Äò[01m[Kvoid turn_on_robot::[01;32m[KControl[m[K()[m[K‚Äô:
[01m[K/home/za1van/ros2_ws/src/zmrobo_init/src/zmrobo.cpp:360:16:[m[K [01;31m[Kerror: [m[K‚Äò[01m[Kros[m[K‚Äô has not been declared
  360 |   _Last_Time = [01;31m[Kros[m[K::Time::now();
      |                [01;31m[K^~~[m[K
[01m[K/home/za1van/ros2_ws/src/zmrobo_init/src/zmrobo.cpp:361:9:[m[K [01;31m[Kerror: [m[K‚Äò[01m[Kros[m[K‚Äô has not been declared
  361 |   while([01;31m[Kros[m[K::ok())
      |         [01;31m[K^~~[m[K
[01m[K/home/za1van/ros2_ws/src/zmrobo_init/src/zmrobo.cpp:363:12:[m[K [01;31m[Kerror: [m[K‚Äò[01m[Kros[m[K‚Äô has not been declared
  363 |     _Now = [01;31m[Kros[m[K::Time::now();
      |            [01;31m[K^~~[m[K
[01m[K/home/za1van/ros2_ws/src/zmrobo_init/src/zmrobo.cpp:364:41:[m[K [01;31m[Kerror: [m[K‚Äò[01m[Kclass rclcpp::Duration[m[K‚Äô has no member named ‚Äò[01m[KtoSec[m[K‚Äô
  364 |     Sampling_Time = (_Now - _Last_Time).[01;31m[KtoSec[m[K(); //Retrieves time interval, which is used to integrate velocity to obtain displacement (mileage)
      |                                         [01;31m[K^~~~~[m[K
[01m[K/home/za1van/ros2_ws/src/zmrobo_init/src/zmrobo.cpp:384:5:[m[K [01;31m[Kerror: [m[K‚Äò[01m[Kros[m[K‚Äô has not been declared
  384 |     [01;31m[Kros[m[K::spinOnce();   //The loop waits for the callback function //Âæ™ÁéØÁ≠âÂæÖÂõûË∞ÉÂáΩÊï∞
      |     [01;31m[K^~~[m[K
[01m[K/home/za1van/ros2_ws/src/zmrobo_init/src/zmrobo.cpp:[m[K At global scope:
[01m[K/home/za1van/ros2_ws/src/zmrobo_init/src/zmrobo.cpp:392:1:[m[K [01;31m[Kerror: [m[Kno declaration matches ‚Äò[01m[Kturn_on_robot::[01;32m[Kturn_on_robot[m[K()[m[K‚Äô
  392 | [01;31m[Kturn_on_robot[m[K::turn_on_robot():Sampling_Time(0),Power_voltage(0)
      | [01;31m[K^~~~~~~~~~~~~[m[K
In file included from [01m[K/home/za1van/ros2_ws/src/zmrobo_init/src/zmrobo.cpp:1[m[K:
[01m[K/home/za1van/ros2_ws/src/zmrobo_init/include/zmrobo.h:133:7:[m[K [01;36m[Knote: [m[Kcandidates are: ‚Äò[01m[Kturn_on_robot::[01;32m[Kturn_on_robot[m[K(const turn_on_robot&)[m[K‚Äô
  133 | class [01;36m[Kturn_on_robot[m[K
      |       [01;36m[K^~~~~~~~~~~~~[m[K
[01m[K/home/za1van/ros2_ws/src/zmrobo_init/include/zmrobo.h:136:17:[m[K [01;36m[Knote: [m[K                ‚Äò[01m[Kturn_on_robot::[01;32m[Kturn_on_robot[m[K(const rclcpp::Node::SharedPtr&)[m[K‚Äô
  136 |                 [01;36m[Kturn_on_robot[m[K(const rclcpp::Node::SharedPtr & node_ptr);  //Constructor //ÊûÑÈÄ†ÂáΩÊï∞
      |                 [01;36m[K^~~~~~~~~~~~~[m[K
[01m[K/home/za1van/ros2_ws/src/zmrobo_init/include/zmrobo.h:133:7:[m[K [01;36m[Knote: [m[K‚Äò[01m[Kclass turn_on_robot[m[K‚Äô defined here
  133 | class [01;36m[Kturn_on_robot[m[K
      |       [01;36m[K^~~~~~~~~~~~~[m[K
[01m[K/home/za1van/ros2_ws/src/zmrobo_init/src/zmrobo.cpp:[m[K In destructor ‚Äò[01m[Kturn_on_robot::[01;32m[K~turn_on_robot[m[K()[m[K‚Äô:
[01m[K/home/za1van/ros2_ws/src/zmrobo_init/src/zmrobo.cpp:474:5:[m[K [01;31m[Kerror: [m[K‚Äò[01m[KROS_ERROR_STREAM[m[K‚Äô was not declared in this scope; did you mean ‚Äò[01m[KRCLCPP_ERROR_STREAM[m[K‚Äô?
  474 |     [01;31m[KROS_ERROR_STREAM[m[K("Unable to send data through serial port"); //If sending data fails, an error message is printed //Â¶ÇÊûúÂèëÈÄÅÊï∞ÊçÆÂ§±Ë¥•,ÊâìÂç∞ÈîôËØØ‰ø°ÊÅØ
      |     [01;31m[K^~~~~~~~~~~~~~~~[m[K
      |     [32m[KRCLCPP_ERROR_STREAM[m[K
[01m[K/home/za1van/ros2_ws/src/zmrobo_init/src/zmrobo.cpp:477:3:[m[K [01;31m[Kerror: [m[K‚Äò[01m[KROS_INFO_STREAM[m[K‚Äô was not declared in this scope; did you mean ‚Äò[01m[KRCLCPP_INFO_STREAM[m[K‚Äô?
  477 |   [01;31m[KROS_INFO_STREAM[m[K("Shutting down"); //Prompt message //ÊèêÁ§∫‰ø°ÊÅØ
      |   [01;31m[K^~~~~~~~~~~~~~~[m[K
      |   [32m[KRCLCPP_INFO_STREAM[m[K
gmake[2]: *** [CMakeFiles/zmrobo_node.dir/build.make:79: CMakeFiles/zmrobo_node.dir/src/zmrobo.cpp.o] Error 1
gmake[1]: *** [CMakeFiles/Makefile2:153: CMakeFiles/zmrobo_node.dir/all] Error 2
gmake: *** [Makefile:146: all] Error 2
