[0.038s] Invoking command in '/home/za1van/ros2_ws/build/zmrobo_init': CMAKE_PREFIX_PATH=${CMAKE_PREFIX_PATH}:/home/za1van/ros2_ws/install/3t:/opt/ros/jazzy DEBUGINFOD_URLS=https://debuginfod.ubuntu.com /usr/bin/cmake --build /home/za1van/ros2_ws/build/zmrobo_init -- -j4 -l4
[0.075s] -- Found ament_cmake: 2.5.4 (/opt/ros/jazzy/share/ament_cmake/cmake)
[0.540s] -- Found rclcpp: 28.1.12 (/opt/ros/jazzy/share/rclcpp/cmake)
[0.638s] -- Found rosidl_generator_c: 4.6.6 (/opt/ros/jazzy/share/rosidl_generator_c/cmake)
[0.662s] -- Found rosidl_generator_cpp: 4.6.6 (/opt/ros/jazzy/share/rosidl_generator_cpp/cmake)
[0.692s] -- Using all available rosidl_typesupport_c: rosidl_typesupport_fastrtps_c;rosidl_typesupport_introspection_c
[0.741s] -- Using all available rosidl_typesupport_cpp: rosidl_typesupport_fastrtps_cpp;rosidl_typesupport_introspection_cpp
[0.940s] -- Found rmw_implementation_cmake: 7.3.2 (/opt/ros/jazzy/share/rmw_implementation_cmake/cmake)
[0.946s] -- Found rmw_fastrtps_cpp: 8.4.3 (/opt/ros/jazzy/share/rmw_fastrtps_cpp/cmake)
[1.134s] -- Using RMW implementation 'rmw_fastrtps_cpp' as default
[1.350s] -- Found geometry_msgs: 5.3.6 (/opt/ros/jazzy/share/geometry_msgs/cmake)
[1.442s] -- Found nav_msgs: 5.3.6 (/opt/ros/jazzy/share/nav_msgs/cmake)
[1.504s] -- Found sensor_msgs: 5.3.6 (/opt/ros/jazzy/share/sensor_msgs/cmake)
[1.569s] -- Found ackermann_msgs: 2.0.2 (/opt/ros/jazzy/share/ackermann_msgs/cmake)
[1.612s] -- Found tf2: 0.36.14 (/opt/ros/jazzy/share/tf2/cmake)
[1.624s] -- Found tf2_ros: 0.36.14 (/opt/ros/jazzy/share/tf2_ros/cmake)
[1.946s] -- Found tf2_geometry_msgs: 0.36.14 (/opt/ros/jazzy/share/tf2_geometry_msgs/cmake)
[2.195s] -- Found eigen3_cmake_module: 0.3.0 (/opt/ros/jazzy/share/eigen3_cmake_module/cmake)
[2.224s] -- Found Eigen3: TRUE (found version "3.4.0")
[2.229s] -- Ensuring Eigen3 include directory is part of orocos-kdl CMake target
[2.271s] -- Found serial: 1.2.1 (/home/za1van/ros2_ws/install/serial/share/serial/cmake)
[2.660s] -- Configuring done (2.6s)
[2.821s] -- Generating done (0.2s)
[2.855s] -- Build files have been written to: /home/za1van/ros2_ws/build/zmrobo_init
[2.937s] [ 33%] [32mBuilding CXX object CMakeFiles/zmrobo_node.dir/src/Quaternion_Solution.cpp.o[0m
[2.938s] [ 66%] [32mBuilding CXX object CMakeFiles/zmrobo_node.dir/src/zmrobo.cpp.o[0m
[8.748s] [01m[K/home/za1van/ros2_ws/src/zmrobo_init/src/zmrobo.cpp:[m[K In member function ‚Äò[01m[Kvoid turn_on_robot::[01;32m[KControl[m[K()[m[K‚Äô:
[8.748s] [01m[K/home/za1van/ros2_ws/src/zmrobo_init/src/zmrobo.cpp:360:16:[m[K [01;31m[Kerror: [m[K‚Äò[01m[Kros[m[K‚Äô has not been declared
[8.749s]   360 |   _Last_Time = [01;31m[Kros[m[K::Time::now();
[8.749s]       |                [01;31m[K^~~[m[K
[8.750s] [01m[K/home/za1van/ros2_ws/src/zmrobo_init/src/zmrobo.cpp:361:9:[m[K [01;31m[Kerror: [m[K‚Äò[01m[Kros[m[K‚Äô has not been declared
[8.750s]   361 |   while([01;31m[Kros[m[K::ok())
[8.751s]       |         [01;31m[K^~~[m[K
[8.751s] [01m[K/home/za1van/ros2_ws/src/zmrobo_init/src/zmrobo.cpp:363:12:[m[K [01;31m[Kerror: [m[K‚Äò[01m[Kros[m[K‚Äô has not been declared
[8.753s]   363 |     _Now = [01;31m[Kros[m[K::Time::now();
[8.753s]       |            [01;31m[K^~~[m[K
[8.754s] [01m[K/home/za1van/ros2_ws/src/zmrobo_init/src/zmrobo.cpp:364:41:[m[K [01;31m[Kerror: [m[K‚Äò[01m[Kclass rclcpp::Duration[m[K‚Äô has no member named ‚Äò[01m[KtoSec[m[K‚Äô
[8.754s]   364 |     Sampling_Time = (_Now - _Last_Time).[01;31m[KtoSec[m[K(); //Retrieves time interval, which is used to integrate velocity to obtain displacement (mileage)
[8.755s]       |                                         [01;31m[K^~~~~[m[K
[8.755s] [01m[K/home/za1van/ros2_ws/src/zmrobo_init/src/zmrobo.cpp:384:5:[m[K [01;31m[Kerror: [m[K‚Äò[01m[Kros[m[K‚Äô has not been declared
[8.756s]   384 |     [01;31m[Kros[m[K::spinOnce();   //The loop waits for the callback function //Âæ™ÁéØÁ≠âÂæÖÂõûË∞ÉÂáΩÊï∞
[8.756s]       |     [01;31m[K^~~[m[K
[8.757s] [01m[K/home/za1van/ros2_ws/src/zmrobo_init/src/zmrobo.cpp:[m[K At global scope:
[8.757s] [01m[K/home/za1van/ros2_ws/src/zmrobo_init/src/zmrobo.cpp:392:1:[m[K [01;31m[Kerror: [m[Kno declaration matches ‚Äò[01m[Kturn_on_robot::[01;32m[Kturn_on_robot[m[K()[m[K‚Äô
[8.758s]   392 | [01;31m[Kturn_on_robot[m[K::turn_on_robot():Sampling_Time(0),Power_voltage(0)
[8.759s]       | [01;31m[K^~~~~~~~~~~~~[m[K
[8.759s] In file included from [01m[K/home/za1van/ros2_ws/src/zmrobo_init/src/zmrobo.cpp:1[m[K:
[8.761s] [01m[K/home/za1van/ros2_ws/src/zmrobo_init/include/zmrobo.h:133:7:[m[K [01;36m[Knote: [m[Kcandidates are: ‚Äò[01m[Kturn_on_robot::[01;32m[Kturn_on_robot[m[K(const turn_on_robot&)[m[K‚Äô
[8.761s]   133 | class [01;36m[Kturn_on_robot[m[K
[8.762s]       |       [01;36m[K^~~~~~~~~~~~~[m[K
[8.762s] [01m[K/home/za1van/ros2_ws/src/zmrobo_init/include/zmrobo.h:136:17:[m[K [01;36m[Knote: [m[K                ‚Äò[01m[Kturn_on_robot::[01;32m[Kturn_on_robot[m[K(const rclcpp::Node::SharedPtr&)[m[K‚Äô
[8.763s]   136 |                 [01;36m[Kturn_on_robot[m[K(const rclcpp::Node::SharedPtr & node_ptr);  //Constructor //ÊûÑÈÄ†ÂáΩÊï∞
[8.764s]       |                 [01;36m[K^~~~~~~~~~~~~[m[K
[8.764s] [01m[K/home/za1van/ros2_ws/src/zmrobo_init/include/zmrobo.h:133:7:[m[K [01;36m[Knote: [m[K‚Äò[01m[Kclass turn_on_robot[m[K‚Äô defined here
[8.765s]   133 | class [01;36m[Kturn_on_robot[m[K
[8.765s]       |       [01;36m[K^~~~~~~~~~~~~[m[K
[8.772s] [01m[K/home/za1van/ros2_ws/src/zmrobo_init/src/zmrobo.cpp:[m[K In destructor ‚Äò[01m[Kturn_on_robot::[01;32m[K~turn_on_robot[m[K()[m[K‚Äô:
[8.774s] [01m[K/home/za1van/ros2_ws/src/zmrobo_init/src/zmrobo.cpp:474:5:[m[K [01;31m[Kerror: [m[K‚Äò[01m[KROS_ERROR_STREAM[m[K‚Äô was not declared in this scope; did you mean ‚Äò[01m[KRCLCPP_ERROR_STREAM[m[K‚Äô?
[8.775s]   474 |     [01;31m[KROS_ERROR_STREAM[m[K("Unable to send data through serial port"); //If sending data fails, an error message is printed //Â¶ÇÊûúÂèëÈÄÅÊï∞ÊçÆÂ§±Ë¥•,ÊâìÂç∞ÈîôËØØ‰ø°ÊÅØ
[8.776s]       |     [01;31m[K^~~~~~~~~~~~~~~~[m[K
[8.777s]       |     [32m[KRCLCPP_ERROR_STREAM[m[K
[8.793s] [01m[K/home/za1van/ros2_ws/src/zmrobo_init/src/zmrobo.cpp:477:3:[m[K [01;31m[Kerror: [m[K‚Äò[01m[KROS_INFO_STREAM[m[K‚Äô was not declared in this scope; did you mean ‚Äò[01m[KRCLCPP_INFO_STREAM[m[K‚Äô?
[8.793s]   477 |   [01;31m[KROS_INFO_STREAM[m[K("Shutting down"); //Prompt message //ÊèêÁ§∫‰ø°ÊÅØ
[8.794s]       |   [01;31m[K^~~~~~~~~~~~~~~[m[K
[8.794s]       |   [32m[KRCLCPP_INFO_STREAM[m[K
[10.707s] gmake[2]: *** [CMakeFiles/zmrobo_node.dir/build.make:79: CMakeFiles/zmrobo_node.dir/src/zmrobo.cpp.o] Error 1
[10.708s] gmake[1]: *** [CMakeFiles/Makefile2:153: CMakeFiles/zmrobo_node.dir/all] Error 2
[10.708s] gmake: *** [Makefile:146: all] Error 2
[10.711s] Invoked command in '/home/za1van/ros2_ws/build/zmrobo_init' returned '2': CMAKE_PREFIX_PATH=${CMAKE_PREFIX_PATH}:/home/za1van/ros2_ws/install/3t:/opt/ros/jazzy DEBUGINFOD_URLS=https://debuginfod.ubuntu.com /usr/bin/cmake --build /home/za1van/ros2_ws/build/zmrobo_init -- -j4 -l4
