-- The C compiler identification is GNU 13.3.0
-- The CXX compiler identification is GNU 13.3.0
-- Detecting C compiler ABI info
-- Detecting C compiler ABI info - done
-- Check for working C compiler: /usr/bin/cc - skipped
-- Detecting C compile features
-- Detecting C compile features - done
-- Detecting CXX compiler ABI info
-- Detecting CXX compiler ABI info - done
-- Check for working CXX compiler: /usr/bin/c++ - skipped
-- Detecting CXX compile features
-- Detecting CXX compile features - done
-- Found ament_cmake: 2.5.4 (/opt/ros/jazzy/share/ament_cmake/cmake)
-- Found Python3: /usr/bin/python3 (found version "3.12.3") found components: Interpreter
-- Found rclcpp: 28.1.12 (/opt/ros/jazzy/share/rclcpp/cmake)
-- Found rosidl_generator_c: 4.6.6 (/opt/ros/jazzy/share/rosidl_generator_c/cmake)
-- Found rosidl_generator_cpp: 4.6.6 (/opt/ros/jazzy/share/rosidl_generator_cpp/cmake)
-- Using all available rosidl_typesupport_c: rosidl_typesupport_fastrtps_c;rosidl_typesupport_introspection_c
-- Using all available rosidl_typesupport_cpp: rosidl_typesupport_fastrtps_cpp;rosidl_typesupport_introspection_cpp
-- Found rmw_implementation_cmake: 7.3.2 (/opt/ros/jazzy/share/rmw_implementation_cmake/cmake)
-- Found rmw_fastrtps_cpp: 8.4.3 (/opt/ros/jazzy/share/rmw_fastrtps_cpp/cmake)
-- Found OpenSSL: /usr/lib/x86_64-linux-gnu/libcrypto.so (found version "3.0.13")
-- Found FastRTPS: /opt/ros/jazzy/include (Required is at least version "2.13")
-- Using RMW implementation 'rmw_fastrtps_cpp' as default
-- Found geometry_msgs: 5.3.6 (/opt/ros/jazzy/share/geometry_msgs/cmake)
-- Found nav_msgs: 5.3.6 (/opt/ros/jazzy/share/nav_msgs/cmake)
-- Found sensor_msgs: 5.3.6 (/opt/ros/jazzy/share/sensor_msgs/cmake)
-- Found ackermann_msgs: 2.0.2 (/opt/ros/jazzy/share/ackermann_msgs/cmake)
-- Found tf2: 0.36.14 (/opt/ros/jazzy/share/tf2/cmake)
-- Found tf2_ros: 0.36.14 (/opt/ros/jazzy/share/tf2_ros/cmake)
-- Found serial: 1.2.1 (/home/za1van/ros2_ws/install/serial/share/serial/cmake)
-- Configuring done (6.9s)
-- Generating done (0.1s)
-- Build files have been written to: /home/za1van/ros2_ws/build/zmrobo_init
[ 66%] [32mBuilding CXX object CMakeFiles/zmrobo_node.dir/src/Quaternion_Solution.cpp.o[0m
[ 66%] [32mBuilding CXX object CMakeFiles/zmrobo_node.dir/src/zmrobo.cpp.o[0m
In file included from [01m[K/home/za1van/ros2_ws/src/zmrobo_init/src/zmrobo.cpp:1[m[K:
[01m[K/home/za1van/ros2_ws/src/zmrobo_init/include/zmrobo.h:15:10:[m[K [01;31m[Kfatal error: [m[Kserial/serial.h: No such file or directory
   15 | #include [01;31m[K<serial/serial.h>[m[K
      |          [01;31m[K^~~~~~~~~~~~~~~~~[m[K
compilation terminated.
In file included from [01m[K/home/za1van/ros2_ws/src/zmrobo_init/include/Quaternion_Solution.h:4[m[K,
                 from [01m[K/home/za1van/ros2_ws/src/zmrobo_init/src/Quaternion_Solution.cpp:2[m[K:
[01m[K/home/za1van/ros2_ws/src/zmrobo_init/include/zmrobo.h:15:10:[m[K [01;31m[Kfatal error: [m[Kserial/serial.h: No such file or directory
   15 | #include [01;31m[K<serial/serial.h>[m[K
      |          [01;31m[K^~~~~~~~~~~~~~~~~[m[K
compilation terminated.
gmake[2]: *** [CMakeFiles/zmrobo_node.dir/build.make:79: CMakeFiles/zmrobo_node.dir/src/zmrobo.cpp.o] Error 1
gmake[2]: *** Waiting for unfinished jobs....
gmake[2]: *** [CMakeFiles/zmrobo_node.dir/build.make:93: CMakeFiles/zmrobo_node.dir/src/Quaternion_Solution.cpp.o] Error 1
gmake[1]: *** [CMakeFiles/Makefile2:153: CMakeFiles/zmrobo_node.dir/all] Error 2
gmake: *** [Makefile:146: all] Error 2
