[0.032s] Invoking command in '/home/za1van/ros2_ws/build/zmrobo_init': CMAKE_PREFIX_PATH=${CMAKE_PREFIX_PATH}:/home/za1van/ros2_ws/install/3t:/opt/ros/jazzy DEBUGINFOD_URLS=https://debuginfod.ubuntu.com /usr/bin/cmake /home/za1van/ros2_ws/src/zmrobo_init -DCMAKE_INSTALL_PREFIX=/home/za1van/ros2_ws/install/zmrobo_init
[0.173s] -- The C compiler identification is GNU 13.3.0
[0.362s] -- The CXX compiler identification is GNU 13.3.0
[0.389s] -- Detecting C compiler ABI info
[0.561s] -- Detecting C compiler ABI info - done
[0.592s] -- Check for working C compiler: /usr/bin/cc - skipped
[0.593s] -- Detecting C compile features
[0.594s] -- Detecting C compile features - done
[0.624s] -- Detecting CXX compiler ABI info
[0.837s] -- Detecting CXX compiler ABI info - done
[0.873s] -- Check for working CXX compiler: /usr/bin/c++ - skipped
[0.874s] -- Detecting CXX compile features
[0.875s] -- Detecting CXX compile features - done
[0.907s] -- Found ament_cmake: 2.5.4 (/opt/ros/jazzy/share/ament_cmake/cmake)
[3.311s] -- Found Python3: /usr/bin/python3 (found version "3.12.3") found components: Interpreter
[3.787s] -- Found rclcpp: 28.1.12 (/opt/ros/jazzy/share/rclcpp/cmake)
[4.043s] -- Found rosidl_generator_c: 4.6.6 (/opt/ros/jazzy/share/rosidl_generator_c/cmake)
[4.137s] -- Found rosidl_generator_cpp: 4.6.6 (/opt/ros/jazzy/share/rosidl_generator_cpp/cmake)
[4.247s] -- Using all available rosidl_typesupport_c: rosidl_typesupport_fastrtps_c;rosidl_typesupport_introspection_c
[4.355s] -- Using all available rosidl_typesupport_cpp: rosidl_typesupport_fastrtps_cpp;rosidl_typesupport_introspection_cpp
[4.741s] -- Found rmw_implementation_cmake: 7.3.2 (/opt/ros/jazzy/share/rmw_implementation_cmake/cmake)
[4.768s] -- Found rmw_fastrtps_cpp: 8.4.3 (/opt/ros/jazzy/share/rmw_fastrtps_cpp/cmake)
[5.158s] -- Found OpenSSL: /usr/lib/x86_64-linux-gnu/libcrypto.so (found version "3.0.13")
[5.280s] -- Found FastRTPS: /opt/ros/jazzy/include (Required is at least version "2.13")
[5.358s] -- Using RMW implementation 'rmw_fastrtps_cpp' as default
[5.741s] -- Found geometry_msgs: 5.3.6 (/opt/ros/jazzy/share/geometry_msgs/cmake)
[5.873s] -- Found nav_msgs: 5.3.6 (/opt/ros/jazzy/share/nav_msgs/cmake)
[5.952s] -- Found sensor_msgs: 5.3.6 (/opt/ros/jazzy/share/sensor_msgs/cmake)
[6.042s] -- Found ackermann_msgs: 2.0.2 (/opt/ros/jazzy/share/ackermann_msgs/cmake)
[6.117s] -- Found tf2: 0.36.14 (/opt/ros/jazzy/share/tf2/cmake)
[6.156s] -- Found tf2_ros: 0.36.14 (/opt/ros/jazzy/share/tf2_ros/cmake)
[6.714s] -- Found serial: 1.2.1 (/home/za1van/ros2_ws/install/serial/share/serial/cmake)
[6.944s] -- Configuring done (6.9s)
[7.029s] -- Generating done (0.1s)
[7.045s] -- Build files have been written to: /home/za1van/ros2_ws/build/zmrobo_init
[7.062s] Invoked command in '/home/za1van/ros2_ws/build/zmrobo_init' returned '0': CMAKE_PREFIX_PATH=${CMAKE_PREFIX_PATH}:/home/za1van/ros2_ws/install/3t:/opt/ros/jazzy DEBUGINFOD_URLS=https://debuginfod.ubuntu.com /usr/bin/cmake /home/za1van/ros2_ws/src/zmrobo_init -DCMAKE_INSTALL_PREFIX=/home/za1van/ros2_ws/install/zmrobo_init
[7.065s] Invoking command in '/home/za1van/ros2_ws/build/zmrobo_init': CMAKE_PREFIX_PATH=${CMAKE_PREFIX_PATH}:/home/za1van/ros2_ws/install/3t:/opt/ros/jazzy DEBUGINFOD_URLS=https://debuginfod.ubuntu.com /usr/bin/cmake --build /home/za1van/ros2_ws/build/zmrobo_init -- -j4 -l4
[7.126s] [ 66%] [32mBuilding CXX object CMakeFiles/zmrobo_node.dir/src/Quaternion_Solution.cpp.o[0m
[7.126s] [ 66%] [32mBuilding CXX object CMakeFiles/zmrobo_node.dir/src/zmrobo.cpp.o[0m
[7.819s] In file included from [01m[K/home/za1van/ros2_ws/src/zmrobo_init/src/zmrobo.cpp:1[m[K:
[7.820s] [01m[K/home/za1van/ros2_ws/src/zmrobo_init/include/zmrobo.h:15:10:[m[K [01;31m[Kfatal error: [m[Kserial/serial.h: No such file or directory
[7.820s]    15 | #include [01;31m[K<serial/serial.h>[m[K
[7.821s]       |          [01;31m[K^~~~~~~~~~~~~~~~~[m[K
[7.821s] compilation terminated.
[7.821s] In file included from [01m[K/home/za1van/ros2_ws/src/zmrobo_init/include/Quaternion_Solution.h:4[m[K,
[7.822s]                  from [01m[K/home/za1van/ros2_ws/src/zmrobo_init/src/Quaternion_Solution.cpp:2[m[K:
[7.822s] [01m[K/home/za1van/ros2_ws/src/zmrobo_init/include/zmrobo.h:15:10:[m[K [01;31m[Kfatal error: [m[Kserial/serial.h: No such file or directory
[7.823s]    15 | #include [01;31m[K<serial/serial.h>[m[K
[7.823s]       |          [01;31m[K^~~~~~~~~~~~~~~~~[m[K
[7.824s] compilation terminated.
[7.831s] gmake[2]: *** [CMakeFiles/zmrobo_node.dir/build.make:79: CMakeFiles/zmrobo_node.dir/src/zmrobo.cpp.o] Error 1
[7.831s] gmake[2]: *** Waiting for unfinished jobs....
[7.832s] gmake[2]: *** [CMakeFiles/zmrobo_node.dir/build.make:93: CMakeFiles/zmrobo_node.dir/src/Quaternion_Solution.cpp.o] Error 1
[7.832s] gmake[1]: *** [CMakeFiles/Makefile2:153: CMakeFiles/zmrobo_node.dir/all] Error 2
[7.832s] gmake: *** [Makefile:146: all] Error 2
[7.834s] Invoked command in '/home/za1van/ros2_ws/build/zmrobo_init' returned '2': CMAKE_PREFIX_PATH=${CMAKE_PREFIX_PATH}:/home/za1van/ros2_ws/install/3t:/opt/ros/jazzy DEBUGINFOD_URLS=https://debuginfod.ubuntu.com /usr/bin/cmake --build /home/za1van/ros2_ws/build/zmrobo_init -- -j4 -l4
