In file included from [01m[K/home/za1van/ros2_ws/src/zmrobo_init/src/zmrobo.cpp:1[m[K:
[01m[K/home/za1van/ros2_ws/src/zmrobo_init/include/zmrobo.h:19:10:[m[K [01;31m[Kfatal error: [m[Ktf2_geometry_msgs/tf2_geometry_msgs.hpp: No such file or directory
   19 | #include [01;31m[K<tf2_geometry_msgs/tf2_geometry_msgs.hpp>[m[K
      |          [01;31m[K^~~~~~~~~~~~~~~~~~~~~~~~~~~~~~~~~~~~~~~~~[m[K
compilation terminated.
gmake[2]: *** [CMakeFiles/zmrobo_node.dir/build.make:79: CMakeFiles/zmrobo_node.dir/src/zmrobo.cpp.o] Error 1
gmake[2]: *** Waiting for unfinished jobs....
In file included from [01m[K/home/za1van/ros2_ws/src/zmrobo_init/include/Quaternion_Solution.h:4[m[K,
                 from [01m[K/home/za1van/ros2_ws/src/zmrobo_init/src/Quaternion_Solution.cpp:2[m[K:
[01m[K/home/za1van/ros2_ws/src/zmrobo_init/include/zmrobo.h:19:10:[m[K [01;31m[Kfatal error: [m[Ktf2_geometry_msgs/tf2_geometry_msgs.hpp: No such file or directory
   19 | #include [01;31m[K<tf2_geometry_msgs/tf2_geometry_msgs.hpp>[m[K
      |          [01;31m[K^~~~~~~~~~~~~~~~~~~~~~~~~~~~~~~~~~~~~~~~~[m[K
compilation terminated.
gmake[2]: *** [CMakeFiles/zmrobo_node.dir/build.make:93: CMakeFiles/zmrobo_node.dir/src/Quaternion_Solution.cpp.o] Error 1
gmake[1]: *** [CMakeFiles/Makefile2:153: CMakeFiles/zmrobo_node.dir/all] Error 2
gmake: *** [Makefile:146: all] Error 2
