[0.041s] Invoking command in '/home/za1van/ros2_ws/build/zmrobo_init': CMAKE_PREFIX_PATH=${CMAKE_PREFIX_PATH}:/home/za1van/ros2_ws/install/3t:/opt/ros/jazzy DEBUGINFOD_URLS=https://debuginfod.ubuntu.com /usr/bin/cmake --build /home/za1van/ros2_ws/build/zmrobo_init -- -j4 -l4
[0.090s] -- Found ament_cmake: 2.5.4 (/opt/ros/jazzy/share/ament_cmake/cmake)
[0.570s] -- Found rclcpp: 28.1.12 (/opt/ros/jazzy/share/rclcpp/cmake)
[0.668s] -- Found rosidl_generator_c: 4.6.6 (/opt/ros/jazzy/share/rosidl_generator_c/cmake)
[0.694s] -- Found rosidl_generator_cpp: 4.6.6 (/opt/ros/jazzy/share/rosidl_generator_cpp/cmake)
[0.744s] -- Using all available rosidl_typesupport_c: rosidl_typesupport_fastrtps_c;rosidl_typesupport_introspection_c
[0.787s] -- Using all available rosidl_typesupport_cpp: rosidl_typesupport_fastrtps_cpp;rosidl_typesupport_introspection_cpp
[1.001s] -- Found rmw_implementation_cmake: 7.3.2 (/opt/ros/jazzy/share/rmw_implementation_cmake/cmake)
[1.006s] -- Found rmw_fastrtps_cpp: 8.4.3 (/opt/ros/jazzy/share/rmw_fastrtps_cpp/cmake)
[1.223s] -- Using RMW implementation 'rmw_fastrtps_cpp' as default
[1.476s] -- Found geometry_msgs: 5.3.6 (/opt/ros/jazzy/share/geometry_msgs/cmake)
[1.606s] -- Found nav_msgs: 5.3.6 (/opt/ros/jazzy/share/nav_msgs/cmake)
[1.691s] -- Found sensor_msgs: 5.3.6 (/opt/ros/jazzy/share/sensor_msgs/cmake)
[1.764s] -- Found ackermann_msgs: 2.0.2 (/opt/ros/jazzy/share/ackermann_msgs/cmake)
[1.828s] -- Found tf2: 0.36.14 (/opt/ros/jazzy/share/tf2/cmake)
[1.844s] -- Found tf2_ros: 0.36.14 (/opt/ros/jazzy/share/tf2_ros/cmake)
[2.240s] -- Found serial: 1.2.1 (/home/za1van/ros2_ws/install/serial/share/serial/cmake)
[2.458s] -- Configuring done (2.4s)
[2.560s] -- Generating done (0.1s)
[2.580s] -- Build files have been written to: /home/za1van/ros2_ws/build/zmrobo_init
[2.648s] [ 33%] [32mBuilding CXX object CMakeFiles/zmrobo_node.dir/src/zmrobo.cpp.o[0m
[2.650s] [ 66%] [32mBuilding CXX object CMakeFiles/zmrobo_node.dir/src/Quaternion_Solution.cpp.o[0m
[3.511s] In file included from [01m[K/home/za1van/ros2_ws/src/zmrobo_init/src/zmrobo.cpp:1[m[K:
[3.513s] [01m[K/home/za1van/ros2_ws/src/zmrobo_init/include/zmrobo.h:15:10:[m[K [01;31m[Kfatal error: [m[Kserial/serial.h: No such file or directory
[3.514s]    15 | #include [01;31m[K<serial/serial.h>[m[K
[3.514s]       |          [01;31m[K^~~~~~~~~~~~~~~~~[m[K
[3.515s] compilation terminated.
[3.515s] gmake[2]: *** [CMakeFiles/zmrobo_node.dir/build.make:79: CMakeFiles/zmrobo_node.dir/src/zmrobo.cpp.o] Error 1
[3.518s] gmake[2]: *** Waiting for unfinished jobs....
[3.520s] In file included from [01m[K/home/za1van/ros2_ws/src/zmrobo_init/include/Quaternion_Solution.h:4[m[K,
[3.521s]                  from [01m[K/home/za1van/ros2_ws/src/zmrobo_init/src/Quaternion_Solution.cpp:2[m[K:
[3.521s] [01m[K/home/za1van/ros2_ws/src/zmrobo_init/include/zmrobo.h:15:10:[m[K [01;31m[Kfatal error: [m[Kserial/serial.h: No such file or directory
[3.522s]    15 | #include [01;31m[K<serial/serial.h>[m[K
[3.522s]       |          [01;31m[K^~~~~~~~~~~~~~~~~[m[K
[3.523s] compilation terminated.
[3.525s] gmake[2]: *** [CMakeFiles/zmrobo_node.dir/build.make:93: CMakeFiles/zmrobo_node.dir/src/Quaternion_Solution.cpp.o] Error 1
[3.526s] gmake[1]: *** [CMakeFiles/Makefile2:153: CMakeFiles/zmrobo_node.dir/all] Error 2
[3.526s] gmake: *** [Makefile:146: all] Error 2
[3.527s] Invoked command in '/home/za1van/ros2_ws/build/zmrobo_init' returned '2': CMAKE_PREFIX_PATH=${CMAKE_PREFIX_PATH}:/home/za1van/ros2_ws/install/3t:/opt/ros/jazzy DEBUGINFOD_URLS=https://debuginfod.ubuntu.com /usr/bin/cmake --build /home/za1van/ros2_ws/build/zmrobo_init -- -j4 -l4
