[0.063s] Invoking command in '/home/za1van/–î–æ–∫—É–º–µ–Ω—Ç—ã/—Å–æ–±–∏—Ä–∞–µ–º –∏–∑ –∏—Å—Ö–æ–¥–Ω–∏–∫–æ–≤/zmrobo_init/build/zmrobo_init': CMAKE_PREFIX_PATH=${CMAKE_PREFIX_PATH}:/home/za1van/ros2_ws/install/twist_converter:/home/za1van/ros2_ws/install/my_turtle_controller:/home/za1van/ros2_ws/install/my_tf2_demo:/home/za1van/ros2_ws/install/my_service_server:/home/za1van/ros2_ws/install/my_service_client:/home/za1van/ros2_ws/install/my_project_start:/home/za1van/ros2_ws/install/my_calculate_action:/home/za1van/ros2_ws/install/3t:/opt/ros/jazzy DEBUGINFOD_URLS=https://debuginfod.ubuntu.com /usr/bin/cmake --build /home/za1van/–î–æ–∫—É–º–µ–Ω—Ç—ã/—Å–æ–±–∏—Ä–∞–µ–º –∏–∑ –∏—Å—Ö–æ–¥–Ω–∏–∫–æ–≤/zmrobo_init/build/zmrobo_init -- -j4 -l4
[0.174s] -- Found ament_cmake: 2.5.4 (/opt/ros/jazzy/share/ament_cmake/cmake)
[1.075s] -- Found rclcpp: 28.1.12 (/opt/ros/jazzy/share/rclcpp/cmake)
[1.212s] -- Found rosidl_generator_c: 4.6.6 (/opt/ros/jazzy/share/rosidl_generator_c/cmake)
[1.238s] -- Found rosidl_generator_cpp: 4.6.6 (/opt/ros/jazzy/share/rosidl_generator_cpp/cmake)
[1.277s] -- Using all available rosidl_typesupport_c: rosidl_typesupport_fastrtps_c;rosidl_typesupport_introspection_c
[1.341s] -- Using all available rosidl_typesupport_cpp: rosidl_typesupport_fastrtps_cpp;rosidl_typesupport_introspection_cpp
[1.577s] -- Found rmw_implementation_cmake: 7.3.2 (/opt/ros/jazzy/share/rmw_implementation_cmake/cmake)
[1.584s] -- Found rmw_fastrtps_cpp: 8.4.3 (/opt/ros/jazzy/share/rmw_fastrtps_cpp/cmake)
[1.871s] -- Using RMW implementation 'rmw_fastrtps_cpp' as default
[2.174s] -- Found geometry_msgs: 5.3.6 (/opt/ros/jazzy/share/geometry_msgs/cmake)
[2.288s] -- Found nav_msgs: 5.3.6 (/opt/ros/jazzy/share/nav_msgs/cmake)
[2.365s] -- Found sensor_msgs: 5.3.6 (/opt/ros/jazzy/share/sensor_msgs/cmake)
[2.440s] -- Found ackermann_msgs: 2.0.2 (/opt/ros/jazzy/share/ackermann_msgs/cmake)
[2.490s] -- Found tf2: 0.36.14 (/opt/ros/jazzy/share/tf2/cmake)
[2.504s] -- Found tf2_ros: 0.36.14 (/opt/ros/jazzy/share/tf2_ros/cmake)
[2.884s] -- Found serial: 1.2.1 (/tmp/usr/local/share/serial/cmake)
[3.271s] -- Configuring done (3.1s)
[3.440s] -- Generating done (0.2s)
[3.465s] -- Build files have been written to: /home/za1van/–î–æ–∫—É–º–µ–Ω—Ç—ã/—Å–æ–±–∏—Ä–∞–µ–º –∏–∑ –∏—Å—Ö–æ–¥–Ω–∏–∫–æ–≤/zmrobo_init/build/zmrobo_init
[3.583s] [ 33%] [32mBuilding CXX object CMakeFiles/zmrobo_node.dir/src/zmrobo.cpp.o[0m
[3.585s] [ 66%] [32mBuilding CXX object CMakeFiles/zmrobo_node.dir/src/Quaternion_Solution.cpp.o[0m
[4.317s] In file included from [01m[K/home/za1van/–î–æ–∫—É–º–µ–Ω—Ç—ã/—Å–æ–±–∏—Ä–∞–µ–º –∏–∑ –∏—Å—Ö–æ–¥–Ω–∏–∫–æ–≤/zmrobo_init/src/zmrobo.cpp:1[m[K:
[4.319s] [01m[K/home/za1van/–î–æ–∫—É–º–µ–Ω—Ç—ã/—Å–æ–±–∏—Ä–∞–µ–º –∏–∑ –∏—Å—Ö–æ–¥–Ω–∏–∫–æ–≤/zmrobo_init/include/zmrobo.h:15:10:[m[K [01;31m[Kfatal error: [m[Kserial/serial.h: No such file or directory
[4.320s]    15 | #include [01;31m[K<serial/serial.h>[m[K
[4.321s]       |          [01;31m[K^~~~~~~~~~~~~~~~~[m[K
[4.321s] compilation terminated.
[4.323s] In file included from [01m[K/home/za1van/–î–æ–∫—É–º–µ–Ω—Ç—ã/—Å–æ–±–∏—Ä–∞–µ–º –∏–∑ –∏—Å—Ö–æ–¥–Ω–∏–∫–æ–≤/zmrobo_init/include/Quaternion_Solution.h:4[m[K,
[4.323s]                  from [01m[K/home/za1van/–î–æ–∫—É–º–µ–Ω—Ç—ã/—Å–æ–±–∏—Ä–∞–µ–º –∏–∑ –∏—Å—Ö–æ–¥–Ω–∏–∫–æ–≤/zmrobo_init/src/Quaternion_Solution.cpp:2[m[K:
[4.323s] [01m[K/home/za1van/–î–æ–∫—É–º–µ–Ω—Ç—ã/—Å–æ–±–∏—Ä–∞–µ–º –∏–∑ –∏—Å—Ö–æ–¥–Ω–∏–∫–æ–≤/zmrobo_init/include/zmrobo.h:15:10:[m[K [01;31m[Kfatal error: [m[Kserial/serial.h: No such file or directory
[4.324s]    15 | #include [01;31m[K<serial/serial.h>[m[K
[4.324s]       |          [01;31m[K^~~~~~~~~~~~~~~~~[m[K
[4.325s] compilation terminated.
[4.329s] gmake[2]: *** [CMakeFiles/zmrobo_node.dir/build.make:79: CMakeFiles/zmrobo_node.dir/src/zmrobo.cpp.o] Error 1
[4.329s] gmake[2]: *** Waiting for unfinished jobs....
[4.331s] gmake[2]: *** [CMakeFiles/zmrobo_node.dir/build.make:93: CMakeFiles/zmrobo_node.dir/src/Quaternion_Solution.cpp.o] Error 1
[4.333s] gmake[1]: *** [CMakeFiles/Makefile2:153: CMakeFiles/zmrobo_node.dir/all] Error 2
[4.334s] gmake: *** [Makefile:146: all] Error 2
[4.336s] Invoked command in '/home/za1van/–î–æ–∫—É–º–µ–Ω—Ç—ã/—Å–æ–±–∏—Ä–∞–µ–º –∏–∑ –∏—Å—Ö–æ–¥–Ω–∏–∫–æ–≤/zmrobo_init/build/zmrobo_init' returned '2': CMAKE_PREFIX_PATH=${CMAKE_PREFIX_PATH}:/home/za1van/ros2_ws/install/twist_converter:/home/za1van/ros2_ws/install/my_turtle_controller:/home/za1van/ros2_ws/install/my_tf2_demo:/home/za1van/ros2_ws/install/my_service_server:/home/za1van/ros2_ws/install/my_service_client:/home/za1van/ros2_ws/install/my_project_start:/home/za1van/ros2_ws/install/my_calculate_action:/home/za1van/ros2_ws/install/3t:/opt/ros/jazzy DEBUGINFOD_URLS=https://debuginfod.ubuntu.com /usr/bin/cmake --build /home/za1van/–î–æ–∫—É–º–µ–Ω—Ç—ã/—Å–æ–±–∏—Ä–∞–µ–º –∏–∑ –∏—Å—Ö–æ–¥–Ω–∏–∫–æ–≤/zmrobo_init/build/zmrobo_init -- -j4 -l4
