[0.026s] Invoking command in '/home/za1van/–î–æ–∫—É–º–µ–Ω—Ç—ã/—Å–æ–±–∏—Ä–∞–µ–º –∏–∑ –∏—Å—Ö–æ–¥–Ω–∏–∫–æ–≤/zmrobo_init/build/zmrobo_init': CMAKE_PREFIX_PATH=${CMAKE_PREFIX_PATH}:/opt/ros/jazzy DEBUGINFOD_URLS=https://debuginfod.ubuntu.com /usr/bin/cmake /home/za1van/–î–æ–∫—É–º–µ–Ω—Ç—ã/—Å–æ–±–∏—Ä–∞–µ–º –∏–∑ –∏—Å—Ö–æ–¥–Ω–∏–∫–æ–≤/zmrobo_init -DCMAKE_INSTALL_PREFIX=/home/za1van/–î–æ–∫—É–º–µ–Ω—Ç—ã/—Å–æ–±–∏—Ä–∞–µ–º –∏–∑ –∏—Å—Ö–æ–¥–Ω–∏–∫–æ–≤/zmrobo_init/install/zmrobo_init
[0.047s] -- Found ament_cmake: 2.5.4 (/opt/ros/jazzy/share/ament_cmake/cmake)
[0.391s] -- Found rclcpp: 28.1.12 (/opt/ros/jazzy/share/rclcpp/cmake)
[0.466s] -- Found rosidl_generator_c: 4.6.6 (/opt/ros/jazzy/share/rosidl_generator_c/cmake)
[0.484s] -- Found rosidl_generator_cpp: 4.6.6 (/opt/ros/jazzy/share/rosidl_generator_cpp/cmake)
[0.505s] -- Using all available rosidl_typesupport_c: rosidl_typesupport_fastrtps_c;rosidl_typesupport_introspection_c
[0.534s] -- Using all available rosidl_typesupport_cpp: rosidl_typesupport_fastrtps_cpp;rosidl_typesupport_introspection_cpp
[0.658s] -- Found rmw_implementation_cmake: 7.3.2 (/opt/ros/jazzy/share/rmw_implementation_cmake/cmake)
[0.662s] -- Found rmw_fastrtps_cpp: 8.4.3 (/opt/ros/jazzy/share/rmw_fastrtps_cpp/cmake)
[0.790s] -- Using RMW implementation 'rmw_fastrtps_cpp' as default
[0.933s] -- Found geometry_msgs: 5.3.6 (/opt/ros/jazzy/share/geometry_msgs/cmake)
[0.994s] -- Found nav_msgs: 5.3.6 (/opt/ros/jazzy/share/nav_msgs/cmake)
[1.042s] -- Found sensor_msgs: 5.3.6 (/opt/ros/jazzy/share/sensor_msgs/cmake)
[1.087s] -- Found ackermann_msgs: 2.0.2 (/opt/ros/jazzy/share/ackermann_msgs/cmake)
[1.112s] -- Found tf2: 0.36.14 (/opt/ros/jazzy/share/tf2/cmake)
[1.120s] -- Found tf2_ros: 0.36.14 (/opt/ros/jazzy/share/tf2_ros/cmake)
[1.455s] -- Configuring done (1.4s)
[1.486s] -- Generating done (0.0s)
[1.492s] -- Build files have been written to: /home/za1van/–î–æ–∫—É–º–µ–Ω—Ç—ã/—Å–æ–±–∏—Ä–∞–µ–º –∏–∑ –∏—Å—Ö–æ–¥–Ω–∏–∫–æ–≤/zmrobo_init/build/zmrobo_init
[1.503s] Invoked command in '/home/za1van/–î–æ–∫—É–º–µ–Ω—Ç—ã/—Å–æ–±–∏—Ä–∞–µ–º –∏–∑ –∏—Å—Ö–æ–¥–Ω–∏–∫–æ–≤/zmrobo_init/build/zmrobo_init' returned '0': CMAKE_PREFIX_PATH=${CMAKE_PREFIX_PATH}:/opt/ros/jazzy DEBUGINFOD_URLS=https://debuginfod.ubuntu.com /usr/bin/cmake /home/za1van/–î–æ–∫—É–º–µ–Ω—Ç—ã/—Å–æ–±–∏—Ä–∞–µ–º –∏–∑ –∏—Å—Ö–æ–¥–Ω–∏–∫–æ–≤/zmrobo_init -DCMAKE_INSTALL_PREFIX=/home/za1van/–î–æ–∫—É–º–µ–Ω—Ç—ã/—Å–æ–±–∏—Ä–∞–µ–º –∏–∑ –∏—Å—Ö–æ–¥–Ω–∏–∫–æ–≤/zmrobo_init/install/zmrobo_init
[1.507s] Invoking command in '/home/za1van/–î–æ–∫—É–º–µ–Ω—Ç—ã/—Å–æ–±–∏—Ä–∞–µ–º –∏–∑ –∏—Å—Ö–æ–¥–Ω–∏–∫–æ–≤/zmrobo_init/build/zmrobo_init': CMAKE_PREFIX_PATH=${CMAKE_PREFIX_PATH}:/opt/ros/jazzy DEBUGINFOD_URLS=https://debuginfod.ubuntu.com /usr/bin/cmake --build /home/za1van/–î–æ–∫—É–º–µ–Ω—Ç—ã/—Å–æ–±–∏—Ä–∞–µ–º –∏–∑ –∏—Å—Ö–æ–¥–Ω–∏–∫–æ–≤/zmrobo_init/build/zmrobo_init -- -j4 -l4
[1.544s] [ 33%] [32mBuilding CXX object CMakeFiles/zmrobo_node.dir/src/zmrobo.cpp.o[0m
[1.545s] [ 66%] [32mBuilding CXX object CMakeFiles/zmrobo_node.dir/src/Quaternion_Solution.cpp.o[0m
[2.328s] In file included from [01m[K/home/za1van/–î–æ–∫—É–º–µ–Ω—Ç—ã/—Å–æ–±–∏—Ä–∞–µ–º –∏–∑ –∏—Å—Ö–æ–¥–Ω–∏–∫–æ–≤/zmrobo_init/include/Quaternion_Solution.h:4[m[K,
[2.328s]                  from [01m[K/home/za1van/–î–æ–∫—É–º–µ–Ω—Ç—ã/—Å–æ–±–∏—Ä–∞–µ–º –∏–∑ –∏—Å—Ö–æ–¥–Ω–∏–∫–æ–≤/zmrobo_init/src/Quaternion_Solution.cpp:2[m[K:
[2.328s] [01m[K/home/za1van/–î–æ–∫—É–º–µ–Ω—Ç—ã/—Å–æ–±–∏—Ä–∞–µ–º –∏–∑ –∏—Å—Ö–æ–¥–Ω–∏–∫–æ–≤/zmrobo_init/include/zmrobo.h:15:10:[m[K [01;31m[Kfatal error: [m[Kserial/serial.h: No such file or directory
[2.330s]    15 | #include [01;31m[K<serial/serial.h>[m[K
[2.331s]       |          [01;31m[K^~~~~~~~~~~~~~~~~[m[K
[2.331s] In file included from [01m[K/home/za1van/–î–æ–∫—É–º–µ–Ω—Ç—ã/—Å–æ–±–∏—Ä–∞–µ–º –∏–∑ –∏—Å—Ö–æ–¥–Ω–∏–∫–æ–≤/zmrobo_init/src/zmrobo.cpp:1[m[K:
[2.331s] [01m[K/home/za1van/–î–æ–∫—É–º–µ–Ω—Ç—ã/—Å–æ–±–∏—Ä–∞–µ–º –∏–∑ –∏—Å—Ö–æ–¥–Ω–∏–∫–æ–≤/zmrobo_init/include/zmrobo.h:15:10:[m[K [01;31m[Kfatal error: [m[Kserial/serial.h: No such file or directory
[2.332s]    15 | #include [01;31m[K<serial/serial.h>[m[K
[2.332s]       |          [01;31m[K^~~~~~~~~~~~~~~~~[m[K
[2.332s] compilation terminated.
[2.332s] compilation terminated.
[2.333s] gmake[2]: *** [CMakeFiles/zmrobo_node.dir/build.make:79: CMakeFiles/zmrobo_node.dir/src/zmrobo.cpp.o] Error 1
[2.334s] gmake[2]: *** Waiting for unfinished jobs....
[2.334s] gmake[2]: *** [CMakeFiles/zmrobo_node.dir/build.make:93: CMakeFiles/zmrobo_node.dir/src/Quaternion_Solution.cpp.o] Error 1
[2.334s] gmake[1]: *** [CMakeFiles/Makefile2:153: CMakeFiles/zmrobo_node.dir/all] Error 2
[2.335s] gmake: *** [Makefile:146: all] Error 2
[2.337s] Invoked command in '/home/za1van/–î–æ–∫—É–º–µ–Ω—Ç—ã/—Å–æ–±–∏—Ä–∞–µ–º –∏–∑ –∏—Å—Ö–æ–¥–Ω–∏–∫–æ–≤/zmrobo_init/build/zmrobo_init' returned '2': CMAKE_PREFIX_PATH=${CMAKE_PREFIX_PATH}:/opt/ros/jazzy DEBUGINFOD_URLS=https://debuginfod.ubuntu.com /usr/bin/cmake --build /home/za1van/–î–æ–∫—É–º–µ–Ω—Ç—ã/—Å–æ–±–∏—Ä–∞–µ–º –∏–∑ –∏—Å—Ö–æ–¥–Ω–∏–∫–æ–≤/zmrobo_init/build/zmrobo_init -- -j4 -l4
